<?xml version="1.0" encoding="UTF-8"?>
<testsuite name="hello.jdbc.repository.MemberRepositoryV0Test" tests="1" skipped="0" failures="1" errors="0" timestamp="2024-09-06T05:57:26" hostname="ihanbin-ui-noteubug.local" time="0.084">
  <properties/>
  <testcase name="crud()" classname="hello.jdbc.repository.MemberRepositoryV0Test" time="0.084">
    <failure message="java.util.NoSuchElementException: member not found memberId = memberV0" type="java.util.NoSuchElementException">java.util.NoSuchElementException: member not found memberId = memberV0
	at hello.jdbc.repository.MemberRepositoryV0.findById(MemberRepositoryV0.java:58)
	at hello.jdbc.repository.MemberRepositoryV0Test.crud(MemberRepositoryV0Test.java:39)
	at java.base/java.lang.reflect.Method.invoke(Method.java:568)
	at java.base/java.util.ArrayList.forEach(ArrayList.java:1511)
	at java.base/java.util.ArrayList.forEach(ArrayList.java:1511)
</failure>
  </testcase>
  <system-out><![CDATA[14:57:26.139 [Test worker] INFO hello.jdbc.connection.DBConnectionUtil -- get connection=conn0: url=jdbc:h2:tcp://localhost/~/jdbc_test user=SA, class=class org.h2.jdbc.JdbcConnection
14:57:26.148 [Test worker] INFO hello.jdbc.connection.DBConnectionUtil -- get connection=conn1: url=jdbc:h2:tcp://localhost/~/jdbc_test user=SA, class=class org.h2.jdbc.JdbcConnection
14:57:26.150 [Test worker] INFO hello.jdbc.repository.MemberRepositoryV0Test -- findMember = Member(memberId=memberV0, money=10000)
14:57:26.152 [Test worker] INFO hello.jdbc.repository.MemberRepositoryV0Test -- member == findMember false
14:57:26.152 [Test worker] INFO hello.jdbc.repository.MemberRepositoryV0Test -- member equals findMember true
14:57:26.171 [Test worker] INFO hello.jdbc.connection.DBConnectionUtil -- get connection=conn2: url=jdbc:h2:tcp://localhost/~/jdbc_test user=SA, class=class org.h2.jdbc.JdbcConnection
14:57:26.172 [Test worker] INFO hello.jdbc.repository.MemberRepositoryV0 -- resultSize = 1
14:57:26.173 [Test worker] INFO hello.jdbc.connection.DBConnectionUtil -- get connection=conn3: url=jdbc:h2:tcp://localhost/~/jdbc_test user=SA, class=class org.h2.jdbc.JdbcConnection
14:57:26.176 [Test worker] INFO hello.jdbc.connection.DBConnectionUtil -- get connection=conn4: url=jdbc:h2:tcp://localhost/~/jdbc_test user=SA, class=class org.h2.jdbc.JdbcConnection
14:57:26.176 [Test worker] INFO hello.jdbc.repository.MemberRepositoryV0 -- resultSize = 1
14:57:26.177 [Test worker] INFO hello.jdbc.connection.DBConnectionUtil -- get connection=conn5: url=jdbc:h2:tcp://localhost/~/jdbc_test user=SA, class=class org.h2.jdbc.JdbcConnection
]]></system-out>
  <system-err><![CDATA[]]></system-err>
</testsuite>
