<?xml version="1.0" encoding="UTF-8"?>
<testsuite name="hello.jdbc.repository.MemberRepositoryV1Test" tests="1" skipped="0" failures="0" errors="0" timestamp="2024-09-07T06:16:19" hostname="ihanbin-ui-noteubug.local" time="1.248">
  <properties/>
  <testcase name="crud()" classname="hello.jdbc.repository.MemberRepositoryV1Test" time="1.248"/>
  <system-out><![CDATA[15:16:19.115 [Test worker] DEBUG com.zaxxer.hikari.HikariConfig --
                HikariPool-1 - configuration:
15:16:19.129 [Test worker] DEBUG com.zaxxer.hikari.HikariConfig --
                allowPoolSuspension.............false
15:16:19.130 [Test worker] DEBUG com.zaxxer.hikari.HikariConfig --
                autoCommit......................true
15:16:19.130 [Test worker] DEBUG com.zaxxer.hikari.HikariConfig --
                catalog.........................none
15:16:19.130 [Test worker] DEBUG com.zaxxer.hikari.HikariConfig --
                connectionInitSql...............none
15:16:19.131 [Test worker] DEBUG com.zaxxer.hikari.HikariConfig --
                connectionTestQuery.............none
15:16:19.131 [Test worker] DEBUG com.zaxxer.hikari.HikariConfig --
                connectionTimeout...............30000
15:16:19.131 [Test worker] DEBUG com.zaxxer.hikari.HikariConfig --
                dataSource......................none
15:16:19.132 [Test worker] DEBUG com.zaxxer.hikari.HikariConfig --
                dataSourceClassName.............none
15:16:19.132 [Test worker] DEBUG com.zaxxer.hikari.HikariConfig --
                dataSourceJNDI..................none
15:16:19.132 [Test worker] DEBUG com.zaxxer.hikari.HikariConfig --
                dataSourceProperties............{password=<masked>}
15:16:19.133 [Test worker] DEBUG com.zaxxer.hikari.HikariConfig --
                driverClassName.................none
15:16:19.133 [Test worker] DEBUG com.zaxxer.hikari.HikariConfig --
                exceptionOverrideClassName......none
15:16:19.134 [Test worker] DEBUG com.zaxxer.hikari.HikariConfig --
                healthCheckProperties...........{}
15:16:19.134 [Test worker] DEBUG com.zaxxer.hikari.HikariConfig --
                healthCheckRegistry.............none
15:16:19.134 [Test worker] DEBUG com.zaxxer.hikari.HikariConfig --
                idleTimeout.....................600000
15:16:19.134 [Test worker] DEBUG com.zaxxer.hikari.HikariConfig --
                initializationFailTimeout.......1
15:16:19.134 [Test worker] DEBUG com.zaxxer.hikari.HikariConfig --
                isolateInternalQueries..........false
15:16:19.135 [Test worker] DEBUG com.zaxxer.hikari.HikariConfig --
                jdbcUrl.........................jdbc:h2:tcp://localhost/~/jdbc_test
15:16:19.135 [Test worker] DEBUG com.zaxxer.hikari.HikariConfig --
                keepaliveTime...................0
15:16:19.135 [Test worker] DEBUG com.zaxxer.hikari.HikariConfig --
                leakDetectionThreshold..........0
15:16:19.135 [Test worker] DEBUG com.zaxxer.hikari.HikariConfig --
                maxLifetime.....................1800000
15:16:19.136 [Test worker] DEBUG com.zaxxer.hikari.HikariConfig --
                maximumPoolSize.................10
15:16:19.136 [Test worker] DEBUG com.zaxxer.hikari.HikariConfig --
                metricRegistry..................none
15:16:19.136 [Test worker] DEBUG com.zaxxer.hikari.HikariConfig --
                metricsTrackerFactory...........none
15:16:19.137 [Test worker] DEBUG com.zaxxer.hikari.HikariConfig --
                minimumIdle.....................10
15:16:19.137 [Test worker] DEBUG com.zaxxer.hikari.HikariConfig --
                password........................<masked>
15:16:19.137 [Test worker] DEBUG com.zaxxer.hikari.HikariConfig --
                poolName........................"HikariPool-1"
15:16:19.138 [Test worker] DEBUG com.zaxxer.hikari.HikariConfig --
                readOnly........................false
15:16:19.138 [Test worker] DEBUG com.zaxxer.hikari.HikariConfig --
                registerMbeans..................false
15:16:19.139 [Test worker] DEBUG com.zaxxer.hikari.HikariConfig --
                scheduledExecutor...............none
15:16:19.139 [Test worker] DEBUG com.zaxxer.hikari.HikariConfig --
                schema..........................none
15:16:19.139 [Test worker] DEBUG com.zaxxer.hikari.HikariConfig --
                threadFactory...................internal
15:16:19.139 [Test worker] DEBUG com.zaxxer.hikari.HikariConfig --
                transactionIsolation............default
15:16:19.140 [Test worker] DEBUG com.zaxxer.hikari.HikariConfig --
                username........................"sa"
15:16:19.140 [Test worker] DEBUG com.zaxxer.hikari.HikariConfig --
                validationTimeout...............5000
15:16:19.140 [Test worker] INFO  com.zaxxer.hikari.HikariDataSource --
                HikariPool-1 - Starting...
15:16:19.148 [Test worker] DEBUG c.z.hikari.util.DriverDataSource --
                Loaded driver with class name org.h2.Driver for jdbcUrl=jdbc:h2:tcp://localhost/~/jdbc_test
15:16:19.237 [Test worker] INFO  com.zaxxer.hikari.pool.HikariPool --
                HikariPool-1 - Added connection conn0: url=jdbc:h2:tcp://localhost/~/jdbc_test user=SA
15:16:19.238 [Test worker] INFO  com.zaxxer.hikari.HikariDataSource --
                HikariPool-1 - Start completed.
15:16:19.242 [Test worker] INFO  h.jdbc.repository.MemberRepositoryV1 --
                get connection = HikariProxyConnection@597364637 wrapping conn0: url=jdbc:h2:tcp://localhost/~/jdbc_test user=SA, class = class com.zaxxer.hikari.pool.HikariProxyConnection
15:16:19.271 [Test worker] INFO  h.jdbc.repository.MemberRepositoryV1 --
                get connection = HikariProxyConnection@1367672657 wrapping conn0: url=jdbc:h2:tcp://localhost/~/jdbc_test user=SA, class = class com.zaxxer.hikari.pool.HikariProxyConnection
15:16:19.278 [Test worker] INFO  h.j.r.MemberRepositoryV1Test --
                findMember = Member(memberId=memberV0, money=10000)
15:16:19.280 [Test worker] INFO  h.j.r.MemberRepositoryV1Test --
                member == findMember false
15:16:19.280 [Test worker] INFO  h.j.r.MemberRepositoryV1Test --
                member equals findMember true
15:16:19.323 [Test worker] INFO  h.jdbc.repository.MemberRepositoryV1 --
                get connection = HikariProxyConnection@1134202713 wrapping conn0: url=jdbc:h2:tcp://localhost/~/jdbc_test user=SA, class = class com.zaxxer.hikari.pool.HikariProxyConnection
15:16:19.324 [Test worker] INFO  h.jdbc.repository.MemberRepositoryV1 --
                resultSize = 1
15:16:19.325 [Test worker] INFO  h.jdbc.repository.MemberRepositoryV1 --
                get connection = HikariProxyConnection@1636178473 wrapping conn0: url=jdbc:h2:tcp://localhost/~/jdbc_test user=SA, class = class com.zaxxer.hikari.pool.HikariProxyConnection
15:16:19.328 [Test worker] INFO  h.jdbc.repository.MemberRepositoryV1 --
                get connection = HikariProxyConnection@1690050988 wrapping conn0: url=jdbc:h2:tcp://localhost/~/jdbc_test user=SA, class = class com.zaxxer.hikari.pool.HikariProxyConnection
15:16:19.329 [Test worker] INFO  h.jdbc.repository.MemberRepositoryV1 --
                resultSize = 1
15:16:19.330 [Test worker] INFO  h.jdbc.repository.MemberRepositoryV1 --
                get connection = HikariProxyConnection@2080643905 wrapping conn0: url=jdbc:h2:tcp://localhost/~/jdbc_test user=SA, class = class com.zaxxer.hikari.pool.HikariProxyConnection
15:16:19.339 [HikariPool-1 housekeeper] DEBUG com.zaxxer.hikari.pool.HikariPool --
                HikariPool-1 - Pool stats (total=1, active=0, idle=1, waiting=0)
15:16:19.343 [HikariPool-1 connection adder] DEBUG com.zaxxer.hikari.pool.HikariPool --
                HikariPool-1 - Added connection conn1: url=jdbc:h2:tcp://localhost/~/jdbc_test user=SA
15:16:19.378 [HikariPool-1 connection adder] DEBUG com.zaxxer.hikari.pool.HikariPool --
                HikariPool-1 - After adding stats (total=2, active=0, idle=2, waiting=0)
15:16:19.383 [HikariPool-1 connection adder] DEBUG com.zaxxer.hikari.pool.HikariPool --
                HikariPool-1 - Added connection conn2: url=jdbc:h2:tcp://localhost/~/jdbc_test user=SA
15:16:19.414 [HikariPool-1 connection adder] DEBUG com.zaxxer.hikari.pool.HikariPool --
                HikariPool-1 - After adding stats (total=3, active=0, idle=3, waiting=0)
15:16:19.418 [HikariPool-1 connection adder] DEBUG com.zaxxer.hikari.pool.HikariPool --
                HikariPool-1 - Added connection conn3: url=jdbc:h2:tcp://localhost/~/jdbc_test user=SA
15:16:19.451 [HikariPool-1 connection adder] DEBUG com.zaxxer.hikari.pool.HikariPool --
                HikariPool-1 - After adding stats (total=4, active=0, idle=4, waiting=0)
15:16:19.456 [HikariPool-1 connection adder] DEBUG com.zaxxer.hikari.pool.HikariPool --
                HikariPool-1 - Added connection conn4: url=jdbc:h2:tcp://localhost/~/jdbc_test user=SA
15:16:19.492 [HikariPool-1 connection adder] DEBUG com.zaxxer.hikari.pool.HikariPool --
                HikariPool-1 - After adding stats (total=5, active=0, idle=5, waiting=0)
15:16:19.496 [HikariPool-1 connection adder] DEBUG com.zaxxer.hikari.pool.HikariPool --
                HikariPool-1 - Added connection conn5: url=jdbc:h2:tcp://localhost/~/jdbc_test user=SA
15:16:19.531 [HikariPool-1 connection adder] DEBUG com.zaxxer.hikari.pool.HikariPool --
                HikariPool-1 - After adding stats (total=6, active=0, idle=6, waiting=0)
15:16:19.535 [HikariPool-1 connection adder] DEBUG com.zaxxer.hikari.pool.HikariPool --
                HikariPool-1 - Added connection conn6: url=jdbc:h2:tcp://localhost/~/jdbc_test user=SA
15:16:19.567 [HikariPool-1 connection adder] DEBUG com.zaxxer.hikari.pool.HikariPool --
                HikariPool-1 - After adding stats (total=7, active=0, idle=7, waiting=0)
15:16:19.572 [HikariPool-1 connection adder] DEBUG com.zaxxer.hikari.pool.HikariPool --
                HikariPool-1 - Added connection conn7: url=jdbc:h2:tcp://localhost/~/jdbc_test user=SA
15:16:19.604 [HikariPool-1 connection adder] DEBUG com.zaxxer.hikari.pool.HikariPool --
                HikariPool-1 - After adding stats (total=8, active=0, idle=8, waiting=0)
15:16:19.611 [HikariPool-1 connection adder] DEBUG com.zaxxer.hikari.pool.HikariPool --
                HikariPool-1 - Added connection conn8: url=jdbc:h2:tcp://localhost/~/jdbc_test user=SA
15:16:19.642 [HikariPool-1 connection adder] DEBUG com.zaxxer.hikari.pool.HikariPool --
                HikariPool-1 - After adding stats (total=9, active=0, idle=9, waiting=0)
15:16:19.654 [HikariPool-1 connection adder] DEBUG com.zaxxer.hikari.pool.HikariPool --
                HikariPool-1 - Added connection conn9: url=jdbc:h2:tcp://localhost/~/jdbc_test user=SA
15:16:19.685 [HikariPool-1 connection adder] DEBUG com.zaxxer.hikari.pool.HikariPool --
                HikariPool-1 - After adding stats (total=10, active=0, idle=10, waiting=0)
]]></system-out>
  <system-err><![CDATA[]]></system-err>
</testsuite>
