<?xml version="1.0" encoding="UTF-8"?>
<testsuite name="hello.jdbc.service.MemberServiceV1Test" tests="1" skipped="0" failures="0" errors="0" timestamp="2024-09-09T02:20:53" hostname="ihanbin-ui-noteubug.local" time="0.166">
  <properties/>
  <testcase name="이체중 예외 발생" classname="hello.jdbc.service.MemberServiceV1Test" time="0.166"/>
  <system-out><![CDATA[11:20:53.323 [Test worker] DEBUG o.s.j.d.DriverManagerDataSource --
                Creating new JDBC DriverManager Connection to [jdbc:h2:tcp://localhost/~/jdbc_test]
11:20:53.356 [Test worker] INFO  h.jdbc.repository.MemberRepositoryV1 --
                get connection = conn0: url=jdbc:h2:tcp://localhost/~/jdbc_test user=SA, class = class org.h2.jdbc.JdbcConnection
11:20:53.361 [Test worker] DEBUG o.s.j.d.DriverManagerDataSource --
                Creating new JDBC DriverManager Connection to [jdbc:h2:tcp://localhost/~/jdbc_test]
11:20:53.364 [Test worker] INFO  h.jdbc.repository.MemberRepositoryV1 --
                get connection = conn1: url=jdbc:h2:tcp://localhost/~/jdbc_test user=SA, class = class org.h2.jdbc.JdbcConnection
11:20:53.378 [Test worker] DEBUG o.s.j.d.DriverManagerDataSource --
                Creating new JDBC DriverManager Connection to [jdbc:h2:tcp://localhost/~/jdbc_test]
11:20:53.380 [Test worker] INFO  h.jdbc.repository.MemberRepositoryV1 --
                get connection = conn2: url=jdbc:h2:tcp://localhost/~/jdbc_test user=SA, class = class org.h2.jdbc.JdbcConnection
11:20:53.383 [Test worker] DEBUG o.s.j.d.DriverManagerDataSource --
                Creating new JDBC DriverManager Connection to [jdbc:h2:tcp://localhost/~/jdbc_test]
11:20:53.385 [Test worker] INFO  h.jdbc.repository.MemberRepositoryV1 --
                get connection = conn3: url=jdbc:h2:tcp://localhost/~/jdbc_test user=SA, class = class org.h2.jdbc.JdbcConnection
11:20:53.386 [Test worker] DEBUG o.s.j.d.DriverManagerDataSource --
                Creating new JDBC DriverManager Connection to [jdbc:h2:tcp://localhost/~/jdbc_test]
11:20:53.387 [Test worker] INFO  h.jdbc.repository.MemberRepositoryV1 --
                get connection = conn4: url=jdbc:h2:tcp://localhost/~/jdbc_test user=SA, class = class org.h2.jdbc.JdbcConnection
11:20:53.388 [Test worker] INFO  h.jdbc.repository.MemberRepositoryV1 --
                resultSize = 1
11:20:53.394 [Test worker] DEBUG o.s.j.d.DriverManagerDataSource --
                Creating new JDBC DriverManager Connection to [jdbc:h2:tcp://localhost/~/jdbc_test]
11:20:53.396 [Test worker] INFO  h.jdbc.repository.MemberRepositoryV1 --
                get connection = conn5: url=jdbc:h2:tcp://localhost/~/jdbc_test user=SA, class = class org.h2.jdbc.JdbcConnection
11:20:53.397 [Test worker] DEBUG o.s.j.d.DriverManagerDataSource --
                Creating new JDBC DriverManager Connection to [jdbc:h2:tcp://localhost/~/jdbc_test]
11:20:53.400 [Test worker] INFO  h.jdbc.repository.MemberRepositoryV1 --
                get connection = conn6: url=jdbc:h2:tcp://localhost/~/jdbc_test user=SA, class = class org.h2.jdbc.JdbcConnection
11:20:53.403 [Test worker] DEBUG o.s.j.d.DriverManagerDataSource --
                Creating new JDBC DriverManager Connection to [jdbc:h2:tcp://localhost/~/jdbc_test]
11:20:53.408 [Test worker] INFO  h.jdbc.repository.MemberRepositoryV1 --
                get connection = conn7: url=jdbc:h2:tcp://localhost/~/jdbc_test user=SA, class = class org.h2.jdbc.JdbcConnection
11:20:53.408 [Test worker] INFO  h.jdbc.repository.MemberRepositoryV1 --
                resultSize = 1
11:20:53.408 [Test worker] DEBUG o.s.j.d.DriverManagerDataSource --
                Creating new JDBC DriverManager Connection to [jdbc:h2:tcp://localhost/~/jdbc_test]
11:20:53.410 [Test worker] INFO  h.jdbc.repository.MemberRepositoryV1 --
                get connection = conn8: url=jdbc:h2:tcp://localhost/~/jdbc_test user=SA, class = class org.h2.jdbc.JdbcConnection
11:20:53.411 [Test worker] INFO  h.jdbc.repository.MemberRepositoryV1 --
                resultSize = 0
11:20:53.411 [Test worker] DEBUG o.s.j.d.DriverManagerDataSource --
                Creating new JDBC DriverManager Connection to [jdbc:h2:tcp://localhost/~/jdbc_test]
11:20:53.413 [Test worker] INFO  h.jdbc.repository.MemberRepositoryV1 --
                get connection = conn9: url=jdbc:h2:tcp://localhost/~/jdbc_test user=SA, class = class org.h2.jdbc.JdbcConnection
11:20:53.413 [Test worker] INFO  h.jdbc.repository.MemberRepositoryV1 --
                resultSize = 1
]]></system-out>
  <system-err><![CDATA[]]></system-err>
</testsuite>
